{"total": {"lines":{"total":528,"covered":408,"skipped":0,"pct":77.27},"statements":{"total":564,"covered":435,"skipped":0,"pct":77.12},"functions":{"total":153,"covered":126,"skipped":0,"pct":82.35},"branches":{"total":331,"covered":248,"skipped":0,"pct":74.92},"branchesTrue":{"total":0,"covered":0,"skipped":0,"pct":100}}
,"C:\\Users\\wilme\\OneDrive\\Escritorio\\Proyecto_Final_isw2\\src\\auth\\session.js": {"lines":{"total":27,"covered":0,"skipped":0,"pct":0},"functions":{"total":8,"covered":0,"skipped":0,"pct":0},"statements":{"total":28,"covered":0,"skipped":0,"pct":0},"branches":{"total":20,"covered":0,"skipped":0,"pct":0}}
,"C:\\Users\\wilme\\OneDrive\\Escritorio\\Proyecto_Final_isw2\\src\\config\\env.js": {"lines":{"total":5,"covered":0,"skipped":0,"pct":0},"functions":{"total":2,"covered":0,"skipped":0,"pct":0},"statements":{"total":5,"covered":0,"skipped":0,"pct":0},"branches":{"total":9,"covered":0,"skipped":0,"pct":0}}
,"C:\\Users\\wilme\\OneDrive\\Escritorio\\Proyecto_Final_isw2\\src\\data\\cache.js": {"lines":{"total":37,"covered":36,"skipped":0,"pct":97.29},"functions":{"total":7,"covered":7,"skipped":0,"pct":100},"statements":{"total":43,"covered":42,"skipped":0,"pct":97.67},"branches":{"total":23,"covered":22,"skipped":0,"pct":95.65}}
,"C:\\Users\\wilme\\OneDrive\\Escritorio\\Proyecto_Final_isw2\\src\\data\\supabaseClient.js": {"lines":{"total":19,"covered":0,"skipped":0,"pct":0},"functions":{"total":6,"covered":0,"skipped":0,"pct":0},"statements":{"total":21,"covered":0,"skipped":0,"pct":0},"branches":{"total":10,"covered":0,"skipped":0,"pct":0}}
,"C:\\Users\\wilme\\OneDrive\\Escritorio\\Proyecto_Final_isw2\\src\\data\\repositories\\_comun.js": {"lines":{"total":19,"covered":18,"skipped":0,"pct":94.73},"functions":{"total":7,"covered":7,"skipped":0,"pct":100},"statements":{"total":19,"covered":18,"skipped":0,"pct":94.73},"branches":{"total":16,"covered":12,"skipped":0,"pct":75}}
,"C:\\Users\\wilme\\OneDrive\\Escritorio\\Proyecto_Final_isw2\\src\\data\\repositories\\categorias.js": {"lines":{"total":20,"covered":20,"skipped":0,"pct":100},"functions":{"total":6,"covered":6,"skipped":0,"pct":100},"statements":{"total":21,"covered":21,"skipped":0,"pct":100},"branches":{"total":2,"covered":2,"skipped":0,"pct":100}}
,"C:\\Users\\wilme\\OneDrive\\Escritorio\\Proyecto_Final_isw2\\src\\data\\repositories\\clientes.js": {"lines":{"total":19,"covered":19,"skipped":0,"pct":100},"functions":{"total":5,"covered":5,"skipped":0,"pct":100},"statements":{"total":22,"covered":22,"skipped":0,"pct":100},"branches":{"total":20,"covered":18,"skipped":0,"pct":90}}
,"C:\\Users\\wilme\\OneDrive\\Escritorio\\Proyecto_Final_isw2\\src\\data\\repositories\\negocios.js": {"lines":{"total":22,"covered":22,"skipped":0,"pct":100},"functions":{"total":8,"covered":8,"skipped":0,"pct":100},"statements":{"total":23,"covered":23,"skipped":0,"pct":100},"branches":{"total":6,"covered":6,"skipped":0,"pct":100}}
,"C:\\Users\\wilme\\OneDrive\\Escritorio\\Proyecto_Final_isw2\\src\\data\\repositories\\productos.js": {"lines":{"total":22,"covered":22,"skipped":0,"pct":100},"functions":{"total":6,"covered":6,"skipped":0,"pct":100},"statements":{"total":27,"covered":24,"skipped":0,"pct":88.88},"branches":{"total":13,"covered":10,"skipped":0,"pct":76.92}}
,"C:\\Users\\wilme\\OneDrive\\Escritorio\\Proyecto_Final_isw2\\src\\data\\repositories\\recordatorios.js": {"lines":{"total":24,"covered":24,"skipped":0,"pct":100},"functions":{"total":6,"covered":6,"skipped":0,"pct":100},"statements":{"total":30,"covered":27,"skipped":0,"pct":90},"branches":{"total":25,"covered":20,"skipped":0,"pct":80}}
,"C:\\Users\\wilme\\OneDrive\\Escritorio\\Proyecto_Final_isw2\\src\\data\\repositories\\ventas.js": {"lines":{"total":28,"covered":27,"skipped":0,"pct":96.42},"functions":{"total":10,"covered":10,"skipped":0,"pct":100},"statements":{"total":29,"covered":28,"skipped":0,"pct":96.55},"branches":{"total":11,"covered":10,"skipped":0,"pct":90.9}}
,"C:\\Users\\wilme\\OneDrive\\Escritorio\\Proyecto_Final_isw2\\src\\domain\\categories.js": {"lines":{"total":29,"covered":29,"skipped":0,"pct":100},"functions":{"total":12,"covered":12,"skipped":0,"pct":100},"statements":{"total":33,"covered":33,"skipped":0,"pct":100},"branches":{"total":21,"covered":20,"skipped":0,"pct":95.23}}
,"C:\\Users\\wilme\\OneDrive\\Escritorio\\Proyecto_Final_isw2\\src\\domain\\customers.js": {"lines":{"total":32,"covered":30,"skipped":0,"pct":93.75},"functions":{"total":8,"covered":8,"skipped":0,"pct":100},"statements":{"total":32,"covered":30,"skipped":0,"pct":93.75},"branches":{"total":30,"covered":26,"skipped":0,"pct":86.66}}
,"C:\\Users\\wilme\\OneDrive\\Escritorio\\Proyecto_Final_isw2\\src\\domain\\dates.js": {"lines":{"total":20,"covered":20,"skipped":0,"pct":100},"functions":{"total":6,"covered":6,"skipped":0,"pct":100},"statements":{"total":22,"covered":22,"skipped":0,"pct":100},"branches":{"total":15,"covered":15,"skipped":0,"pct":100}}
,"C:\\Users\\wilme\\OneDrive\\Escritorio\\Proyecto_Final_isw2\\src\\domain\\inventory.js": {"lines":{"total":21,"covered":21,"skipped":0,"pct":100},"functions":{"total":5,"covered":5,"skipped":0,"pct":100},"statements":{"total":23,"covered":23,"skipped":0,"pct":100},"branches":{"total":12,"covered":12,"skipped":0,"pct":100}}
,"C:\\Users\\wilme\\OneDrive\\Escritorio\\Proyecto_Final_isw2\\src\\domain\\money.js": {"lines":{"total":14,"covered":14,"skipped":0,"pct":100},"functions":{"total":4,"covered":4,"skipped":0,"pct":100},"statements":{"total":14,"covered":14,"skipped":0,"pct":100},"branches":{"total":10,"covered":10,"skipped":0,"pct":100}}
,"C:\\Users\\wilme\\OneDrive\\Escritorio\\Proyecto_Final_isw2\\src\\domain\\notifications.js": {"lines":{"total":34,"covered":33,"skipped":0,"pct":97.05},"functions":{"total":8,"covered":8,"skipped":0,"pct":100},"statements":{"total":34,"covered":33,"skipped":0,"pct":97.05},"branches":{"total":27,"covered":25,"skipped":0,"pct":92.59}}
,"C:\\Users\\wilme\\OneDrive\\Escritorio\\Proyecto_Final_isw2\\src\\domain\\pricing.js": {"lines":{"total":16,"covered":16,"skipped":0,"pct":100},"functions":{"total":4,"covered":4,"skipped":0,"pct":100},"statements":{"total":16,"covered":16,"skipped":0,"pct":100},"branches":{"total":8,"covered":8,"skipped":0,"pct":100}}
,"C:\\Users\\wilme\\OneDrive\\Escritorio\\Proyecto_Final_isw2\\src\\domain\\reminders.js": {"lines":{"total":14,"covered":14,"skipped":0,"pct":100},"functions":{"total":9,"covered":9,"skipped":0,"pct":100},"statements":{"total":15,"covered":15,"skipped":0,"pct":100},"branches":{"total":14,"covered":12,"skipped":0,"pct":85.71}}
,"C:\\Users\\wilme\\OneDrive\\Escritorio\\Proyecto_Final_isw2\\src\\domain\\sales.js": {"lines":{"total":30,"covered":30,"skipped":0,"pct":100},"functions":{"total":10,"covered":10,"skipped":0,"pct":100},"statements":{"total":30,"covered":30,"skipped":0,"pct":100},"branches":{"total":12,"covered":12,"skipped":0,"pct":100}}
,"C:\\Users\\wilme\\OneDrive\\Escritorio\\Proyecto_Final_isw2\\src\\domain\\search.js": {"lines":{"total":13,"covered":13,"skipped":0,"pct":100},"functions":{"total":5,"covered":5,"skipped":0,"pct":100},"statements":{"total":14,"covered":14,"skipped":0,"pct":100},"branches":{"total":8,"covered":8,"skipped":0,"pct":100}}
,"C:\\Users\\wilme\\OneDrive\\Escritorio\\Proyecto_Final_isw2\\src\\ui\\landing-animations.js": {"lines":{"total":37,"covered":0,"skipped":0,"pct":0},"functions":{"total":5,"covered":0,"skipped":0,"pct":0},"statements":{"total":37,"covered":0,"skipped":0,"pct":0},"branches":{"total":11,"covered":0,"skipped":0,"pct":0}}
,"C:\\Users\\wilme\\OneDrive\\Escritorio\\Proyecto_Final_isw2\\src\\ui\\registrar-sw.js": {"lines":{"total":26,"covered":0,"skipped":0,"pct":0},"functions":{"total":6,"covered":0,"skipped":0,"pct":0},"statements":{"total":26,"covered":0,"skipped":0,"pct":0},"branches":{"total":8,"covered":0,"skipped":0,"pct":0}}
}
