TN:
SF:src\auth\session.js
FN:26,mapUsuario
FN:50,iniciarSesionConGoogle
FN:74,iniciarSesionConCorreo
FN:97,obtenerUsuarioActual
FN:115,alCambiarSesion
FN:118,(anonymous_5)
FN:122,(anonymous_6)
FN:130,cerrarSesion
FNF:8
FNH:0
FNDA:0,mapUsuario
FNDA:0,iniciarSesionConGoogle
FNDA:0,iniciarSesionConCorreo
FNDA:0,obtenerUsuarioActual
FNDA:0,alCambiarSesion
FNDA:0,(anonymous_5)
FNDA:0,(anonymous_6)
FNDA:0,cerrarSesion
DA:11,0
DA:27,0
DA:28,0
DA:31,0
DA:33,0
DA:51,0
DA:53,0
DA:58,0
DA:59,0
DA:75,0
DA:77,0
DA:82,0
DA:86,0
DA:89,0
DA:98,0
DA:100,0
DA:102,0
DA:103,0
DA:106,0
DA:116,0
DA:118,0
DA:119,0
DA:122,0
DA:131,0
DA:133,0
DA:135,0
DA:136,0
LF:27
LH:0
BRDA:27,0,0,0
BRDA:27,0,1,0
BRDA:31,1,0,0
BRDA:31,1,1,0
BRDA:35,2,0,0
BRDA:35,2,1,0
BRDA:37,3,0,0
BRDA:37,3,1,0
BRDA:37,3,2,0
BRDA:37,3,3,0
BRDA:38,4,0,0
BRDA:38,4,1,0
BRDA:58,5,0,0
BRDA:58,5,1,0
BRDA:82,6,0,0
BRDA:82,6,1,0
BRDA:102,7,0,0
BRDA:102,7,1,0
BRDA:135,8,0,0
BRDA:135,8,1,0
BRF:20
BRH:0
end_of_record
TN:
SF:src\config\env.js
FN:33,leer
FN:61,isSupabaseConfigured
FNF:2
FNH:0
FNDA:0,leer
FNDA:0,isSupabaseConfigured
DA:24,0
DA:34,0
DA:37,0
DA:48,0
DA:62,0
LF:5
LH:0
BRDA:24,0,0,0
BRDA:24,0,1,0
BRDA:34,1,0,0
BRDA:34,1,1,0
BRDA:34,1,2,0
BRDA:50,2,0,0
BRDA:50,2,1,0
BRDA:62,3,0,0
BRDA:62,3,1,0
BRF:9
BRH:0
end_of_record
TN:
SF:src\data\cache.js
FN:54,claveDe
FN:65,leer
FN:82,(anonymous_2)
FN:98,guardar
FN:128,limpiar
FN:145,(anonymous_5)
FN:159,describirAntiguedad
FNF:7
FNH:7
FNDA:22,claveDe
FNDA:12,leer
FNDA:23,(anonymous_2)
FNDA:12,guardar
FNDA:2,limpiar
FNDA:3,(anonymous_5)
FNDA:6,describirAntiguedad
DA:37,1
DA:39,1
DA:42,1
DA:55,22
DA:66,12
DA:67,1
DA:70,11
DA:71,11
DA:73,11
DA:74,4
DA:77,6
DA:82,23
DA:84,6
DA:86,2
DA:87,2
DA:99,12
DA:100,1
DA:103,11
DA:104,11
DA:109,11
DA:114,1
DA:115,1
DA:129,2
DA:134,2
DA:136,2
DA:137,4
DA:138,4
DA:139,3
DA:145,3
DA:147,0
DA:160,6
DA:162,6
DA:163,5
DA:165,3
DA:166,3
DA:168,1
DA:169,1
LF:37
LH:36
BRDA:66,0,0,1
BRDA:66,0,1,11
BRDA:73,1,0,4
BRDA:73,1,1,7
BRDA:84,2,0,4
BRDA:84,2,1,1
BRDA:99,3,0,1
BRDA:99,3,1,11
BRDA:138,4,0,3
BRDA:138,4,1,1
BRDA:159,5,0,6
BRDA:162,6,0,1
BRDA:162,6,1,5
BRDA:163,7,0,2
BRDA:163,7,1,3
BRDA:163,8,0,1
BRDA:163,8,1,1
BRDA:166,9,0,2
BRDA:166,9,1,1
BRDA:166,10,0,1
BRDA:166,10,1,1
BRDA:169,11,0,0
BRDA:169,11,1,1
BRF:23
BRH:22
end_of_record
TN:
SF:src\data\supabaseClient.js
FN:24,constructor
FN:36,getSupabaseClient
FN:82,sincronizarMarcaDeSesion
FN:83,(anonymous_3)
FN:90,(anonymous_4)
FN:94,(anonymous_5)
FNF:6
FNH:0
FNDA:0,constructor
FNDA:0,getSupabaseClient
FNDA:0,sincronizarMarcaDeSesion
FNDA:0,(anonymous_3)
FNDA:0,(anonymous_4)
FNDA:0,(anonymous_5)
DA:16,0
DA:25,0
DA:26,0
DA:37,0
DA:38,0
DA:41,0
DA:42,0
DA:45,0
DA:47,0
DA:57,0
DA:59,0
DA:63,0
DA:66,0
DA:83,0
DA:84,0
DA:85,0
DA:87,0
DA:90,0
DA:94,0
LF:19
LH:0
BRDA:37,0,0,0
BRDA:37,0,1,0
BRDA:41,1,0,0
BRDA:41,1,1,0
BRDA:84,2,0,0
BRDA:84,2,1,0
BRDA:85,3,0,0
BRDA:85,3,1,0
BRDA:87,4,0,0
BRDA:87,4,1,0
BRF:10
BRH:0
end_of_record
TN:
SF:src\data\repositories\_comun.js
FN:26,constructor
FN:45,desenvolver
FN:58,tabla
FN:72,idDelNegocio
FN:92,idDelDuenio
FN:109,aBase
FN:119,aApp
FNF:7
FNH:7
FNDA:5,constructor
FNDA:44,desenvolver
FNDA:55,tabla
FNDA:13,idDelNegocio
FNDA:13,idDelDuenio
FNDA:16,aBase
FNDA:21,aApp
DA:27,5
DA:28,5
DA:32,5
DA:33,5
DA:46,44
DA:47,4
DA:50,40
DA:59,55
DA:73,13
DA:75,13
DA:76,1
DA:79,12
DA:93,13
DA:94,13
DA:96,13
DA:97,0
DA:100,13
DA:110,16
DA:120,21
LF:19
LH:18
BRDA:27,0,0,5
BRDA:27,0,1,0
BRDA:46,1,0,4
BRDA:46,1,1,40
BRDA:75,2,0,1
BRDA:75,2,1,12
BRDA:96,3,0,0
BRDA:96,3,1,13
BRDA:96,4,0,13
BRDA:96,4,1,13
BRDA:97,5,0,0
BRDA:97,5,1,0
BRDA:110,6,0,16
BRDA:110,6,1,7
BRDA:120,7,0,21
BRDA:120,7,1,8
BRF:16
BRH:12
end_of_record
TN:
SF:src\data\repositories\categorias.js
FN:19,listar
FN:27,(anonymous_1)
FN:36,crear
FN:58,eliminar
FN:72,asegurarIniciales
FN:86,(anonymous_5)
FNF:6
FNH:6
FNDA:3,listar
FNDA:3,(anonymous_1)
FNDA:1,crear
FNDA:1,eliminar
FNDA:2,asegurarIniciales
FNDA:5,(anonymous_5)
DA:12,34
DA:20,3
DA:22,3
DA:27,3
DA:37,1
DA:38,1
DA:39,1
DA:41,1
DA:46,1
DA:59,1
DA:61,1
DA:73,2
DA:75,2
DA:76,1
DA:79,1
DA:80,1
DA:81,1
DA:83,1
DA:86,5
DA:90,1
LF:20
LH:20
BRDA:75,0,0,1
BRDA:75,0,1,1
BRF:2
BRH:2
end_of_record
TN:
SF:src\data\repositories\clientes.js
FN:23,desdeBase
FN:38,listar
FN:55,crear
FN:87,actualizar
FN:112,eliminar
FNF:5
FNH:5
FNDA:5,desdeBase
FNDA:2,listar
FNDA:3,crear
FNDA:2,actualizar
FNDA:2,eliminar
DA:11,35
DA:24,5
DA:39,2
DA:41,2
DA:46,2
DA:56,3
DA:57,3
DA:58,3
DA:60,3
DA:77,2
DA:88,2
DA:90,2
DA:91,2
DA:92,2
DA:93,2
DA:95,2
DA:100,2
DA:113,2
DA:115,2
LF:19
LH:19
BRDA:28,0,0,5
BRDA:28,0,1,5
BRDA:29,1,0,5
BRDA:29,1,1,5
BRDA:55,2,0,3
BRDA:55,3,0,3
BRDA:69,4,0,2
BRDA:69,4,1,0
BRDA:70,5,0,2
BRDA:70,5,1,0
BRDA:91,6,0,1
BRDA:91,6,1,1
BRDA:92,7,0,1
BRDA:92,7,1,1
BRDA:92,8,0,1
BRDA:92,8,1,1
BRDA:93,9,0,1
BRDA:93,9,1,1
BRDA:93,10,0,1
BRDA:93,10,1,1
BRF:20
BRH:18
end_of_record
TN:
SF:src\data\repositories\negocios.js
FN:35,listarMios
FN:47,(anonymous_1)
FN:48,(anonymous_2)
FN:57,fijarActivo
FN:73,obtenerActivo
FN:85,elegirInicial
FN:100,(anonymous_6)
FN:115,puedeEscribir
FNF:8
FNH:8
FNDA:3,listarMios
FNDA:4,(anonymous_1)
FNDA:3,(anonymous_2)
FNDA:46,fijarActivo
FNDA:14,obtenerActivo
FNDA:7,elegirInicial
FNDA:11,(anonymous_6)
FNDA:4,puedeEscribir
DA:15,51
DA:18,51
DA:21,51
DA:36,3
DA:38,3
DA:46,3
DA:47,4
DA:48,3
DA:58,46
DA:60,46
DA:61,46
DA:74,14
DA:86,7
DA:87,1
DA:90,6
DA:92,6
DA:93,6
DA:95,1
DA:100,11
DA:102,7
DA:104,7
DA:116,4
LF:22
LH:22
BRDA:86,0,0,1
BRDA:86,0,1,6
BRDA:100,1,0,6
BRDA:100,1,1,5
BRDA:116,2,0,4
BRDA:116,2,1,3
BRF:6
BRH:6
end_of_record
TN:
SF:src\data\repositories\productos.js
FN:20,desdeBase
FN:36,listar
FN:53,crear
FN:85,actualizar
FN:113,fijarStock
FN:127,eliminar
FNF:6
FNH:6
FNDA:8,desdeBase
FNDA:1,listar
FNDA:4,crear
FNDA:3,actualizar
FNDA:1,fijarStock
FNDA:1,eliminar
DA:10,34
DA:21,8
DA:37,1
DA:39,1
DA:44,1
DA:54,4
DA:55,4
DA:56,4
DA:58,4
DA:75,4
DA:86,3
DA:88,3
DA:89,3
DA:90,3
DA:91,3
DA:92,3
DA:93,3
DA:95,3
DA:100,3
DA:114,1
DA:128,1
DA:130,1
LF:22
LH:22
BRDA:53,0,0,4
BRDA:53,1,0,4
BRDA:53,2,0,4
BRDA:89,3,0,0
BRDA:89,3,1,3
BRDA:90,4,0,0
BRDA:90,4,1,3
BRDA:91,5,0,0
BRDA:91,5,1,3
BRDA:92,6,0,1
BRDA:92,6,1,2
BRDA:93,7,0,2
BRDA:93,7,1,1
BRF:13
BRH:10
end_of_record
TN:
SF:src\data\repositories\recordatorios.js
FN:23,desdeBase
FN:43,listar
FN:60,crear
FN:93,actualizar
FN:121,completarPorVenta
FN:140,eliminar
FNF:6
FNH:6
FNDA:4,desdeBase
FNDA:1,listar
FNDA:1,crear
FNDA:2,actualizar
FNDA:1,completarPorVenta
FNDA:1,eliminar
DA:11,34
DA:24,4
DA:44,1
DA:46,1
DA:51,1
DA:61,1
DA:62,1
DA:63,1
DA:65,1
DA:82,1
DA:94,2
DA:96,2
DA:97,2
DA:98,2
DA:99,2
DA:100,2
DA:101,2
DA:102,2
DA:104,2
DA:109,2
DA:122,1
DA:124,1
DA:141,1
DA:143,1
LF:24
LH:24
BRDA:30,0,0,4
BRDA:30,0,1,0
BRDA:31,1,0,4
BRDA:31,1,1,4
BRDA:60,2,0,1
BRDA:60,3,0,1
BRDA:60,4,0,1
BRDA:72,5,0,1
BRDA:72,5,1,1
BRDA:75,6,0,1
BRDA:75,6,1,0
BRDA:97,7,0,0
BRDA:97,7,1,2
BRDA:98,8,0,0
BRDA:98,8,1,2
BRDA:99,9,0,1
BRDA:99,9,1,1
BRDA:99,10,0,1
BRDA:99,10,1,1
BRDA:100,11,0,0
BRDA:100,11,1,2
BRDA:101,12,0,1
BRDA:101,12,1,1
BRDA:102,13,0,1
BRDA:102,13,1,1
BRF:25
BRH:20
end_of_record
TN:
SF:src\data\repositories\ventas.js
FN:36,desdeBase
FN:37,(anonymous_1)
FN:51,(anonymous_2)
FN:57,(anonymous_3)
FN:66,listar
FN:88,crear
FN:105,(anonymous_6)
FN:141,obtener
FN:160,registrarAbono
FN:177,eliminar
FNF:10
FNH:10
FNDA:4,desdeBase
FNDA:2,(anonymous_1)
FNDA:1,(anonymous_2)
FNDA:2,(anonymous_3)
FNDA:2,listar
FNDA:3,crear
FNDA:3,(anonymous_6)
FNDA:2,obtener
FNDA:1,registrarAbono
FNDA:1,eliminar
DA:17,34
DA:26,34
DA:37,4
DA:45,4
DA:51,1
DA:57,2
DA:67,2
DA:69,2
DA:74,2
DA:89,3
DA:90,3
DA:91,3
DA:93,3
DA:102,3
DA:103,3
DA:105,3
DA:119,3
DA:120,0
DA:128,1
DA:129,1
DA:132,2
DA:142,2
DA:144,2
DA:149,2
DA:161,1
DA:163,1
DA:178,1
DA:180,1
LF:28
LH:27
BRDA:37,0,0,4
BRDA:37,0,1,3
BRDA:51,1,0,4
BRDA:51,1,1,3
BRDA:88,2,0,3
BRDA:109,3,0,2
BRDA:109,3,1,1
BRDA:109,4,0,3
BRDA:109,4,1,3
BRDA:119,5,0,0
BRDA:119,5,1,3
BRF:11
BRH:10
end_of_record
TN:
SF:src\domain\categories.js
FN:32,sonLaMisma
FN:44,validarCategoria
FN:59,(anonymous_2)
FN:76,agregarCategoria
FN:93,contarProductos
FN:94,(anonymous_5)
FN:108,puedeEliminarse
FN:128,eliminarCategoria
FN:129,(anonymous_8)
FN:142,categoriasDesdeProductos
FN:145,(anonymous_10)
FN:147,(anonymous_11)
FNF:12
FNH:12
FNDA:37,sonLaMisma
FNDA:10,validarCategoria
FNDA:17,(anonymous_2)
FNDA:4,agregarCategoria
FNDA:4,contarProductos
FNDA:8,(anonymous_5)
FNDA:2,puedeEliminarse
FNDA:1,eliminarCategoria
FNDA:3,(anonymous_8)
FNDA:3,categoriasDesdeProductos
FNDA:4,(anonymous_10)
FNDA:6,(anonymous_11)
DA:13,35
DA:22,35
DA:33,37
DA:45,10
DA:47,10
DA:48,2
DA:51,8
DA:52,1
DA:59,17
DA:61,7
DA:62,2
DA:65,5
DA:77,4
DA:79,4
DA:80,2
DA:83,2
DA:94,8
DA:109,2
DA:111,2
DA:112,1
DA:118,1
DA:129,3
DA:143,3
DA:145,3
DA:146,4
DA:147,6
DA:149,4
DA:150,1
DA:154,3
LF:29
LH:29
BRDA:44,0,0,10
BRDA:45,1,0,10
BRDA:45,1,1,0
BRDA:47,2,0,2
BRDA:47,2,1,8
BRDA:51,3,0,1
BRDA:51,3,1,7
BRDA:61,4,0,2
BRDA:61,4,1,5
BRDA:79,5,0,2
BRDA:79,5,1,2
BRDA:108,6,0,2
BRDA:111,7,0,1
BRDA:111,7,1,1
BRDA:142,8,0,3
BRDA:146,9,0,4
BRDA:146,9,1,1
BRDA:147,10,0,4
BRDA:147,10,1,2
BRDA:149,11,0,1
BRDA:149,11,1,3
BRF:21
BRH:20
end_of_record
TN:
SF:src\domain\customers.js
FN:25,normalizarDni
FN:43,esDniValido
FN:53,formatearDni
FN:71,buscarPorDni
FN:79,(anonymous_4)
FN:94,buscarPorNombre
FN:102,(anonymous_6)
FN:115,validarCliente
FNF:8
FNH:8
FNDA:34,normalizarDni
FNDA:9,esDniValido
FNDA:2,formatearDni
FNDA:8,buscarPorDni
FNDA:8,(anonymous_4)
FNDA:5,buscarPorNombre
FNDA:10,(anonymous_6)
FNDA:7,validarCliente
DA:17,1
DA:26,34
DA:27,0
DA:30,34
DA:44,9
DA:54,2
DA:56,2
DA:57,1
DA:60,1
DA:72,8
DA:74,8
DA:75,3
DA:78,5
DA:79,8
DA:95,5
DA:97,5
DA:98,0
DA:101,5
DA:102,10
DA:116,7
DA:118,7
DA:119,1
DA:122,6
DA:124,6
DA:125,1
DA:132,5
DA:134,5
DA:135,1
DA:142,4
DA:144,4
DA:145,2
DA:155,2
LF:32
LH:30
BRDA:26,0,0,0
BRDA:26,0,1,34
BRDA:56,1,0,1
BRDA:56,1,1,1
BRDA:57,2,0,1
BRDA:57,2,1,0
BRDA:74,3,0,3
BRDA:74,3,1,5
BRDA:79,4,0,8
BRDA:79,4,1,7
BRDA:97,5,0,0
BRDA:97,5,1,5
BRDA:102,6,0,10
BRDA:102,6,1,10
BRDA:115,7,0,7
BRDA:115,8,0,7
BRDA:116,9,0,7
BRDA:116,9,1,0
BRDA:118,10,0,1
BRDA:118,10,1,6
BRDA:124,11,0,1
BRDA:124,11,1,5
BRDA:124,12,0,6
BRDA:124,12,1,4
BRDA:134,13,0,1
BRDA:134,13,1,4
BRDA:144,14,0,2
BRDA:144,14,1,2
BRDA:149,15,0,1
BRDA:149,15,1,1
BRF:30
BRH:26
end_of_record
TN:
SF:src\domain\dates.js
FN:37,aIsoLocal
FN:55,hoyLocal
FN:66,partesDe
FN:84,perteneceAlMes
FN:100,comparar
FN:116,esAnteriorA
FNF:6
FNH:6
FNDA:5,aIsoLocal
FNDA:2,hoyLocal
FNDA:82,partesDe
FNDA:14,perteneceAlMes
FNDA:19,comparar
FNDA:3,esAnteriorA
DA:23,3
DA:38,5
DA:39,2
DA:42,3
DA:43,3
DA:44,3
DA:46,3
DA:56,2
DA:67,82
DA:68,3
DA:71,79
DA:73,79
DA:85,14
DA:86,14
DA:101,19
DA:102,19
DA:104,19
DA:105,12
DA:106,6
DA:117,3
LF:20
LH:20
BRDA:38,0,0,2
BRDA:38,0,1,3
BRDA:38,1,0,5
BRDA:38,1,1,4
BRDA:55,2,0,2
BRDA:67,3,0,3
BRDA:67,3,1,79
BRDA:67,4,0,82
BRDA:67,4,1,81
BRDA:86,5,0,14
BRDA:86,5,1,13
BRDA:104,6,0,7
BRDA:104,6,1,12
BRDA:105,7,0,6
BRDA:105,7,1,6
BRF:15
BRH:15
end_of_record
TN:
SF:src\domain\inventory.js
FN:35,hayStockSuficiente
FN:49,descontarStock
FN:71,ajustarStock
FN:87,nivelDeStock
FN:102,validarStock
FNF:5
FNH:5
FNDA:6,hayStockSuficiente
FNDA:3,descontarStock
FNDA:4,ajustarStock
FNDA:4,nivelDeStock
FNDA:19,validarStock
DA:10,1
DA:13,1
DA:22,1
DA:36,6
DA:37,6
DA:50,3
DA:52,3
DA:53,1
DA:58,2
DA:72,4
DA:74,4
DA:75,1
DA:78,3
DA:88,4
DA:90,4
DA:91,3
DA:92,1
DA:103,19
DA:104,1
DA:107,18
DA:108,1
LF:21
LH:21
BRDA:52,0,0,1
BRDA:52,0,1,2
BRDA:74,1,0,1
BRDA:74,1,1,3
BRDA:90,2,0,1
BRDA:90,2,1,3
BRDA:91,3,0,2
BRDA:91,3,1,1
BRDA:103,4,0,1
BRDA:103,4,1,18
BRDA:107,5,0,1
BRDA:107,5,1,17
BRF:12
BRH:12
end_of_record
TN:
SF:src\domain\money.js
FN:26,aCentavos
FN:43,aLempiras
FN:54,formatear
FN:73,validarCentavos
FNF:4
FNH:4
FNDA:32,aCentavos
FNDA:26,aLempiras
FNDA:4,formatear
FNDA:99,validarCentavos
DA:15,54
DA:17,54
DA:27,32
DA:29,32
DA:30,3
DA:33,29
DA:44,26
DA:45,26
DA:55,4
DA:57,4
DA:62,4
DA:64,4
DA:74,99
DA:75,2
LF:14
LH:14
BRDA:27,0,0,2
BRDA:27,0,1,30
BRDA:29,1,0,3
BRDA:29,1,1,29
BRDA:29,2,0,32
BRDA:29,2,1,31
BRDA:62,3,0,1
BRDA:62,3,1,3
BRDA:74,4,0,2
BRDA:74,4,1,97
BRF:10
BRH:10
end_of_record
TN:
SF:src\domain\notifications.js
FN:42,momentoDe
FN:59,momentoDeAviso
FN:72,debeAvisar
FN:107,pendientesDeAvisar
FN:109,(anonymous_4)
FN:110,(anonymous_5)
FN:120,minutosRestantes
FN:133,describirMomento
FNF:8
FNH:8
FNDA:26,momentoDe
FNDA:15,momentoDeAviso
FNDA:15,debeAvisar
FNDA:2,pendientesDeAvisar
FNDA:5,(anonymous_4)
FNDA:1,(anonymous_5)
FNDA:6,minutosRestantes
FNDA:4,describirMomento
DA:23,1
DA:26,1
DA:28,1
DA:29,1
DA:43,26
DA:44,26
DA:46,26
DA:47,1
DA:50,25
DA:60,15
DA:62,15
DA:74,15
DA:75,3
DA:79,12
DA:80,1
DA:84,11
DA:85,3
DA:89,8
DA:90,5
DA:95,3
DA:97,3
DA:108,2
DA:109,5
DA:110,1
DA:121,6
DA:123,6
DA:134,4
DA:136,4
DA:137,1
DA:140,3
DA:141,1
DA:144,2
DA:145,2
DA:148,0
LF:34
LH:33
BRDA:42,0,0,26
BRDA:44,1,0,26
BRDA:44,1,1,0
BRDA:46,2,0,1
BRDA:46,2,1,25
BRDA:46,3,0,26
BRDA:46,3,1,25
BRDA:72,4,0,15
BRDA:74,5,0,3
BRDA:74,5,1,12
BRDA:79,6,0,1
BRDA:79,6,1,11
BRDA:84,7,0,3
BRDA:84,7,1,8
BRDA:89,8,0,5
BRDA:89,8,1,3
BRDA:107,9,0,2
BRDA:120,10,0,6
BRDA:133,11,0,4
BRDA:136,12,0,1
BRDA:136,12,1,3
BRDA:140,13,0,1
BRDA:140,13,1,2
BRDA:144,14,0,2
BRDA:144,14,1,0
BRDA:145,15,0,1
BRDA:145,15,1,1
BRF:27
BRH:25
end_of_record
TN:
SF:src\domain\pricing.js
FN:24,precioDesdeMargen
FN:41,margenDesdePrecio
FN:59,gananciaUnitaria
FN:74,validarPorcentaje
FNF:4
FNH:4
FNDA:6,precioDesdeMargen
FNDA:4,margenDesdePrecio
FNDA:2,gananciaUnitaria
FNDA:10,validarPorcentaje
DA:13,1
DA:25,6
DA:26,6
DA:28,6
DA:42,4
DA:43,4
DA:45,4
DA:46,1
DA:49,3
DA:60,2
DA:61,2
DA:63,2
DA:75,10
DA:76,2
DA:79,8
DA:80,2
LF:16
LH:16
BRDA:45,0,0,1
BRDA:45,0,1,3
BRDA:75,1,0,2
BRDA:75,1,1,8
BRDA:75,2,0,10
BRDA:75,2,1,9
BRDA:79,3,0,2
BRDA:79,3,1,6
BRF:8
BRH:8
end_of_record
TN:
SF:src\domain\reminders.js
FN:32,estaPendiente
FN:43,esDeHoy
FN:54,estaVencido
FN:69,completarPorVenta
FN:70,(anonymous_4)
FN:83,ordenarPorMomento
FN:84,(anonymous_6)
FN:101,contarDeHoy
FN:102,(anonymous_8)
FNF:9
FNH:9
FNDA:32,estaPendiente
FNDA:7,esDeHoy
FNDA:3,estaVencido
FNDA:4,completarPorVenta
FNDA:5,(anonymous_4)
FNDA:2,ordenarPorMomento
FNDA:5,(anonymous_6)
FNDA:1,contarDeHoy
FNDA:4,(anonymous_8)
DA:13,2
DA:20,2
DA:33,32
DA:44,7
DA:55,3
DA:70,4
DA:71,5
DA:73,5
DA:84,2
DA:85,5
DA:86,5
DA:87,4
DA:90,1
DA:102,4
LF:14
LH:14
BRDA:44,0,0,7
BRDA:44,0,1,5
BRDA:55,1,0,3
BRDA:55,1,1,3
BRDA:71,2,0,5
BRDA:71,2,1,4
BRDA:73,3,0,3
BRDA:73,3,1,2
BRDA:86,4,0,4
BRDA:86,4,1,1
BRDA:90,5,0,1
BRDA:90,5,1,0
BRDA:90,6,0,5
BRDA:90,6,1,0
BRF:14
BRH:12
end_of_record
TN:
SF:src\domain\sales.js
FN:31,totalVenta
FN:36,(anonymous_1)
FN:49,totalAbonado
FN:50,(anonymous_3)
FN:65,saldoPendiente
FN:81,estaPagada
FN:94,gananciaVenta
FN:97,(anonymous_7)
FN:116,abonoInicial
FN:142,validarCantidad
FNF:10
FNH:10
FNDA:16,totalVenta
FNDA:25,(anonymous_1)
FNDA:8,totalAbonado
FNDA:9,(anonymous_3)
FNDA:7,saldoPendiente
FNDA:3,estaPagada
FNDA:4,gananciaVenta
FNDA:7,(anonymous_7)
FNDA:5,abonoInicial
FNDA:25,validarCantidad
DA:13,1
DA:32,16
DA:33,1
DA:36,15
DA:37,25
DA:38,25
DA:39,25
DA:50,8
DA:51,9
DA:52,9
DA:66,7
DA:67,7
DA:69,7
DA:82,3
DA:95,4
DA:97,4
DA:98,7
DA:99,7
DA:102,4
DA:117,5
DA:119,5
DA:121,1
DA:124,2
DA:125,2
DA:128,1
DA:131,1
DA:143,25
DA:144,1
DA:147,24
DA:148,1
LF:30
LH:30
BRDA:32,0,0,1
BRDA:32,0,1,15
BRDA:49,1,0,8
BRDA:116,2,0,5
BRDA:119,3,0,1
BRDA:119,3,1,2
BRDA:119,3,2,1
BRDA:119,3,3,1
BRDA:143,4,0,1
BRDA:143,4,1,24
BRDA:147,5,0,1
BRDA:147,5,1,23
BRF:12
BRH:12
end_of_record
TN:
SF:src\domain\search.js
FN:19,normalizar
FN:41,coincide
FN:59,filtrarPor
FN:68,(anonymous_3)
FN:69,(anonymous_4)
FNF:5
FNH:5
FNDA:131,normalizar
FNDA:17,coincide
FNDA:6,filtrarPor
FNDA:9,(anonymous_3)
FNDA:12,(anonymous_4)
DA:20,131
DA:21,2
DA:24,129
DA:42,17
DA:44,17
DA:45,2
DA:48,15
DA:60,6
DA:61,1
DA:64,5
DA:65,2
DA:68,3
DA:69,12
LF:13
LH:13
BRDA:20,0,0,2
BRDA:20,0,1,129
BRDA:44,1,0,2
BRDA:44,1,1,15
BRDA:60,2,0,1
BRDA:60,2,1,5
BRDA:64,3,0,2
BRDA:64,3,1,3
BRF:8
BRH:8
end_of_record
TN:
SF:src\ui\landing-animations.js
FN:37,revelarTodo
FN:47,iniciarAparicion
FN:60,(anonymous_2)
FN:82,iniciarSombraCabecera
FN:90,(anonymous_4)
FNF:5
FNH:0
FNDA:0,revelarTodo
FNDA:0,iniciarAparicion
FNDA:0,(anonymous_2)
FNDA:0,iniciarSombraCabecera
FNDA:0,(anonymous_4)
DA:17,0
DA:18,0
DA:19,0
DA:20,0
DA:21,0
DA:24,0
DA:28,0
DA:30,0
DA:38,0
DA:39,0
DA:48,0
DA:50,0
DA:51,0
DA:54,0
DA:55,0
DA:56,0
DA:59,0
DA:61,0
DA:62,0
DA:63,0
DA:66,0
DA:67,0
DA:73,0
DA:74,0
DA:83,0
DA:84,0
DA:86,0
DA:87,0
DA:90,0
DA:91,0
DA:94,0
DA:97,0
DA:98,0
DA:99,0
DA:103,0
DA:106,0
DA:107,0
LF:37
LH:0
BRDA:50,0,0,0
BRDA:50,0,1,0
BRDA:54,1,0,0
BRDA:54,1,1,0
BRDA:62,2,0,0
BRDA:62,2,1,0
BRDA:86,3,0,0
BRDA:86,3,1,0
BRDA:86,4,0,0
BRDA:86,4,1,0
BRDA:86,4,2,0
BRF:11
BRH:0
end_of_record
TN:
SF:src\ui\registrar-sw.js
FN:20,registrarServiceWorker
FN:42,conectarBotonInstalar
FN:47,(anonymous_2)
FN:55,(anonymous_3)
FN:73,(anonymous_4)
FN:84,estaInstalada
FNF:6
FNH:0
FNDA:0,registrarServiceWorker
FNDA:0,conectarBotonInstalar
FNDA:0,(anonymous_2)
FNDA:0,(anonymous_3)
FNDA:0,(anonymous_4)
FNDA:0,estaInstalada
DA:10,0
DA:13,0
DA:21,0
DA:22,0
DA:25,0
DA:26,0
DA:29,0
DA:43,0
DA:44,0
DA:47,0
DA:50,0
DA:51,0
DA:52,0
DA:55,0
DA:56,0
DA:57,0
DA:60,0
DA:61,0
DA:62,0
DA:64,0
DA:67,0
DA:68,0
DA:73,0
DA:74,0
DA:75,0
DA:85,0
LF:26
LH:0
BRDA:21,0,0,0
BRDA:21,0,1,0
BRDA:43,1,0,0
BRDA:43,1,1,0
BRDA:56,2,0,0
BRDA:56,2,1,0
BRDA:86,3,0,0
BRDA:86,3,1,0
BRF:8
BRH:0
end_of_record
